{"message":"Script with id 045 not found","level":"error"}
{"message":"Script with id 45 not found","level":"error"}
{"message":"The category_name is missing for the category to post","level":"error"}
{"message":"category with id5 created","level":"info"}
{"message":"Unauthorized request to path: /script","level":"error"}
{"message":"The scripts_name value is missing from scripts post","level":"error"}
{"message":"Unauthorized request to path: /auth","level":"error"}
{"message":"Script with id 1 not found","level":"error"}
{"message":"Unauthorized request to path: /auth","level":"error"}
{"message":"Unauthorized request to path: /category","level":"error"}
{"message":"Unauthorized request to path: /auth","level":"error"}
{"message":"Unauthorized request to path: /auth","level":"error"}
{"message":"Unauthorized request to path: /auth","level":"error"}
{"message":"Unauthorized request to path: /auth","level":"error"}
{"message":"Unauthorized request to path: /auth","level":"error"}
{"message":"Unauthorized request to path: /category","level":"error"}
{"message":"Unauthorized request to path: /category/1","level":"error"}
{"message":"Unauthorized request to path: /category/1","level":"error"}
{"message":"Unauthorized request to path: /category/1","level":"error"}
{"message":"Unauthorized request to path: /category/1","level":"error"}
{"message":"Unauthorized request to path: /category/everyone/1","level":"error"}
{"message":"Unauthorized request to path: /category/everyone/1","level":"error"}
{"message":"Unauthorized request to path: /category/everyone/1","level":"error"}
{"message":"Unauthorized request to path: /category/everyone/1","level":"error"}
{"message":"Unauthorized request to path: /category/everyone/1","level":"error"}
{"message":"Unauthorized request to path: /cateogry/admin","level":"error"}
{"message":"Unauthorized request to path: /cateogry/admin","level":"error"}
{"message":"Unauthorized request to path: /cateogry/admin","level":"error"}
{"message":"Unauthorized request to path: /cateogry/admin","level":"error"}
{"message":"Unauthorized request to path: /cateogry/admin","level":"error"}
{"message":"Unauthorized request to path: /cateogry/admin","level":"error"}
{"message":"Unauthorized request to path: /cateogry/admin","level":"error"}
{"message":"Unauthorized request to path: /cateogry/admin","level":"error"}
{"message":"category with id6 created","level":"info"}
{"message":"Category with id 6 has been deleted","level":"info"}
{"message":"category with id7 created","level":"info"}
{"message":"Category with id 7 has been deleted","level":"info"}
{"message":"The category with id the 7 was not found","level":"error"}
{"message":"The category with id the 7 was not found","level":"error"}
{"message":"The category with id the 6 was not found","level":"error"}
{"message":"The category with id the 6 was not found","level":"error"}
{"message":"category with id8 created","level":"info"}
{"message":"The category with id 8 has been updated","level":"info"}
{"message":"category with id9 created","level":"info"}
{"message":"The category with id 9 has been updated","level":"info"}
{"message":"Category with id 9 has been deleted","level":"info"}
{"message":"The scripts_image value is missing from scripts post","level":"error"}
{"message":"Scripts with id 87 has been created","level":"info"}
{"message":"script with id 87 updated","level":"info"}
{"message":"Script with id 87 deleted","level":"info"}
